<?xml version="1.0" encoding="UTF-8" ?>
<testsuite errors="1" failures="0" hostname="CT1230D0006322" name="Test" skipped="0" tests="1" time="0.0" timestamp="2020-02-08T16:59:14">
  <properties>
    <property name="java.vendor" value="Oracle Corporation" />
    <property name="sun.java.launcher" value="SUN_STANDARD" />
    <property name="sun.management.compiler" value="HotSpot 64-Bit Tiered Compilers" />
    <property name="os.name" value="Windows 10" />
    <property name="sun.boot.class.path" value="C:\Program Files\Java\jre1.8.0_241\lib\resources.jar;C:\Program Files\Java\jre1.8.0_241\lib\rt.jar;C:\Program Files\Java\jre1.8.0_241\lib\sunrsasign.jar;C:\Program Files\Java\jre1.8.0_241\lib\jsse.jar;C:\Program Files\Java\jre1.8.0_241\lib\jce.jar;C:\Program Files\Java\jre1.8.0_241\lib\charsets.jar;C:\Program Files\Java\jre1.8.0_241\lib\jfr.jar;C:\Program Files\Java\jre1.8.0_241\classes" />
    <property name="sun.desktop" value="windows" />
    <property name="java.vm.specification.vendor" value="Oracle Corporation" />
    <property name="ant.home" value="C:\Users\eqs\.p2\pool\plugins\org.apache.ant_1.10.7.v20190926-0324" />
    <property name="java.runtime.version" value="1.8.0_241-b07" />
    <property name="user.name" value="eqs" />
    <property name="ant.file.projeto02" value="C:\Users\eqs\eclipse-workspace\projeto\build.xml" />
    <property name="build.dir" value="C:\Users\eqs\eclipse-workspace\projeto\bin" />
    <property name="user.language" value="pt" />
    <property name="test.report.dir" value="C:\Users\eqs\eclipse-workspace\projeto\testreport" />
    <property name="sun.boot.library.path" value="C:\Program Files\Java\jre1.8.0_241\bin" />
    <property name="ant.project.default-target" value="main" />
    <property name="doc.dir" value="C:\Users\eqs\eclipse-workspace\projeto\docs" />
    <property name="ant.project.name" value="projeto02" />
    <property name="java.version" value="1.8.0_241" />
    <property name="user.timezone" value="" />
    <property name="sun.arch.data.model" value="64" />
    <property name="java.endorsed.dirs" value="C:\Program Files\Java\jre1.8.0_241\lib\endorsed" />
    <property name="sun.cpu.isalist" value="amd64" />
    <property name="sun.jnu.encoding" value="Cp1252" />
    <property name="file.encoding.pkg" value="sun.io" />
    <property name="file.separator" value="\" />
    <property name="java.specification.name" value="Java Platform API Specification" />
    <property name="java.class.version" value="52.0" />
    <property name="ant.file.type.projeto02" value="file" />
    <property name="user.country" value="BR" />
    <property name="java.home" value="C:\Program Files\Java\jre1.8.0_241" />
    <property name="java.vm.info" value="mixed mode" />
    <property name="ant.file" value="C:\Users\eqs\eclipse-workspace\projeto\build.xml" />
    <property name="os.version" value="10.0" />
    <property name="path.separator" value=";" />
    <property name="java.vm.version" value="25.241-b07" />
    <property name="user.variant" value="" />
    <property name="ant.library.dir" value="C:\Users\eqs\.p2\pool\plugins\org.apache.ant_1.10.7.v20190926-0324\lib" />
    <property name="java.awt.printerjob" value="sun.awt.windows.WPrinterJob" />
    <property name="sun.io.unicode.encoding" value="UnicodeLittle" />
    <property name="awt.toolkit" value="sun.awt.windows.WToolkit" />
    <property name="user.script" value="" />
    <property name="user.home" value="C:\Users\eqs" />
    <property name="java.specification.vendor" value="Oracle Corporation" />
    <property name="test.dir" value="C:\Users\eqs\eclipse-workspace\projeto\src\projeto" />
    <property name="java.library.path" value="C:\Program Files\Java\jre1.8.0_241\bin;C:\windows\Sun\Java\bin;C:\windows\system32;C:\windows;C:/Program Files/Java/jre1.8.0_241/bin/server;C:/Program Files/Java/jre1.8.0_241/bin;C:/Program Files/Java/jre1.8.0_241/lib/amd64;C:\Program Files (x86)\Common Files\Oracle\Java\javapath;C:\windows\system32;C:\windows;C:\windows\System32\Wbem;C:\windows\System32\WindowsPowerShell\v1.0\;C:\windows\System32\OpenSSH\;C:\Program Files\Microsoft SQL Server\Client SDK\ODBC\130\Tools\Binn\;C:\Program Files (x86)\Microsoft SQL Server\140\Tools\Binn\;C:\Program Files\Microsoft SQL Server\140\Tools\Binn\;C:\Program Files\Microsoft SQL Server\140\DTS\Binn\;C:\Program Files\Microsoft VS Code\bin;C:\Program Files\Microsoft SQL Server\120\Tools\Binn\;C:\Program Files\Common Files\Autodesk Shared\;C:\Program Files\Microsoft SQL Server\Client SDK\ODBC\110\Tools\Binn\;C:\Program Files (x86)\Microsoft SQL Server\120\Tools\Binn\;C:\Program Files\Microsoft SQL Server\120\DTS\Binn\;C:\Program Files\nodejs\;C:\Program Files (x86)\Common Files\Oracle\Java\javapath;C:\windows\system32;C:\windows;C:\windows\System32\Wbem;C:\windows\System32\WindowsPowerShell\v1.0\;C:\windows\System32\OpenSSH\;C:\Program Files\Microsoft SQL Server\Client SDK\ODBC\130\Tools\Binn\;C:\Program Files (x86)\Microsoft SQL Server\140\Tools\Binn\;C:\Program Files\Microsoft SQL Server\140\Tools\Binn\;C:\Program Files\Microsoft SQL Server\140\DTS\Binn\;C:\Program Files\Microsoft VS Code\bin;C:\Program Files\Microsoft SQL Server\120\Tools\Binn\;C:\Program Files\Common Files\Autodesk Shared\;C:\Program Files\Microsoft SQL Server\Client SDK\ODBC\110\Tools\Binn\;C:\Program Files (x86)\Microsoft SQL Server\120\Tools\Binn\;C:\Program Files\Microsoft SQL Server\120\DTS\Binn\;C:\Program Files\nodejs\;C:\Users\eqs\AppData\Local\Programs\Python\Python38\Scripts\;C:\Users\eqs\AppData\Local\Programs\Python\Python38\;C:\Users\eqs\AppData\Local\Microsoft\WindowsApps;C:\Users\eqs\AppData\Roaming\npm;C:\maven\bin;C:\Arquivos de Programas (Soltos)\eclipse-installer;;." />
    <property name="java.vendor.url" value="http://java.oracle.com/" />
    <property name="java.vm.vendor" value="Oracle Corporation" />
    <property name="java.runtime.name" value="Java(TM) SE Runtime Environment" />
    <property name="sun.java.command" value="org.apache.tools.ant.taskdefs.optional.junit.JUnitTestRunner Test skipNonTests=false filtertrace=true haltOnError=false haltOnFailure=true formatter=org.apache.tools.ant.taskdefs.optional.junit.SummaryJUnitResultFormatter showoutput=false outputtoformatters=true logfailedtests=true threadid=0 logtestlistenerevents=false formatter=org.apache.tools.ant.taskdefs.optional.junit.XMLJUnitResultFormatter,C:\Users\eqs\eclipse-workspace\projeto\testreport\TEST-Test.xml crashfile=C:\Users\eqs\eclipse-workspace\projeto\junitvmwatcher7008050978873605679.properties propsfile=C:\Users\eqs\eclipse-workspace\projeto\junit2088374441713462534.properties" />
    <property name="java.class.path" value="C:\Users\eqs\eclipse-workspace\projeto\lib\junit-4.12.jar;C:\Users\eqs\eclipse-workspace\projeto\lib\hamcrest-core-1.3.jar;C:\Users\eqs\eclipse-workspace\projeto\bin;C:\Users\eqs\eclipse-workspace\projeto\bin\tests;C:\Users\eqs\.p2\pool\plugins\org.apache.ant_1.10.7.v20190926-0324\lib\ant-launcher.jar;C:\Users\eqs\.p2\pool\plugins\org.apache.ant_1.10.7.v20190926-0324\lib\ant.jar;C:\Users\eqs\.p2\pool\plugins\org.apache.ant_1.10.7.v20190926-0324\lib\ant-junit.jar;C:\Users\eqs\.p2\pool\plugins\org.apache.ant_1.10.7.v20190926-0324\lib\ant-junit4.jar" />
    <property name="ant.version" value="Apache Ant(TM) version 1.10.7 compiled on September 1 2019" />
    <property name="java.vm.specification.name" value="Java Virtual Machine Specification" />
    <property name="java.vm.specification.version" value="1.8" />
    <property name="sun.cpu.endian" value="little" />
    <property name="sun.os.patch.level" value="" />
    <property name="java.io.tmpdir" value="C:\Users\eqs\AppData\Local\Temp\" />
    <property name="java.vendor.url.bug" value="http://bugreport.sun.com/bugreport/" />
    <property name="os.arch" value="amd64" />
    <property name="java.awt.graphicsenv" value="sun.awt.Win32GraphicsEnvironment" />
    <property name="java.ext.dirs" value="C:\Program Files\Java\jre1.8.0_241\lib\ext;C:\windows\Sun\Java\lib\ext" />
    <property name="user.dir" value="C:\Users\eqs\eclipse-workspace\projeto" />
    <property name="build.test.dir" value="C:\Users\eqs\eclipse-workspace\projeto\bin\tests" />
    <property name="line.separator" value="&#xd;&#xa;" />
    <property name="java.vm.name" value="Java HotSpot(TM) 64-Bit Server VM" />
    <property name="basedir" value="C:\Users\eqs\eclipse-workspace\projeto" />
    <property name="ant.java.version" value="1.8" />
    <property name="ant.core.lib" value="C:\Users\eqs\.p2\pool\plugins\org.apache.ant_1.10.7.v20190926-0324\lib\ant.jar" />
    <property name="file.encoding" value="Cp1252" />
    <property name="source.dir" value="C:\Users\eqs\eclipse-workspace\projeto\src\projeto" />
    <property name="java.specification.version" value="1.8" />
    <property name="ant.project.invoked-targets" value="main" />
  </properties>
  <error message="Test" type="java.lang.ClassNotFoundException">java.lang.ClassNotFoundException: Test
	at java.net.URLClassLoader.findClass(Unknown Source)
	at java.lang.ClassLoader.loadClass(Unknown Source)
	at sun.misc.Launcher$AppClassLoader.loadClass(Unknown Source)
	at java.lang.ClassLoader.loadClass(Unknown Source)
	at java.lang.Class.forName0(Native Method)
	at java.lang.Class.forName(Unknown Source)
</error>
  <system-out><![CDATA[]]></system-out>
  <system-err><![CDATA[]]></system-err>
</testsuite>
